  Source.cpp
C:\Users\abroadbent\source\repos\god_of_chaos_path\god_of_chaos_path\Source.cpp(33,17): warning C4244: 'initializing': conversion from 'double' to 'float', possible loss of data
C:\Users\abroadbent\source\repos\god_of_chaos_path\god_of_chaos_path\Source.cpp(117,87): warning C4244: 'argument': conversion from 'int' to 'T', possible loss of data
C:\Users\abroadbent\source\repos\god_of_chaos_path\god_of_chaos_path\Source.cpp(117,87): warning C4244:         with
C:\Users\abroadbent\source\repos\god_of_chaos_path\god_of_chaos_path\Source.cpp(117,87): warning C4244:         [
C:\Users\abroadbent\source\repos\god_of_chaos_path\god_of_chaos_path\Source.cpp(117,87): warning C4244:             T=float
C:\Users\abroadbent\source\repos\god_of_chaos_path\god_of_chaos_path\Source.cpp(117,87): warning C4244:         ]
C:\Users\abroadbent\source\repos\god_of_chaos_path\god_of_chaos_path\Source.cpp(117,66): warning C4244: 'argument': conversion from 'int' to 'T', possible loss of data
C:\Users\abroadbent\source\repos\god_of_chaos_path\god_of_chaos_path\Source.cpp(117,66): warning C4244:         with
C:\Users\abroadbent\source\repos\god_of_chaos_path\god_of_chaos_path\Source.cpp(117,66): warning C4244:         [
C:\Users\abroadbent\source\repos\god_of_chaos_path\god_of_chaos_path\Source.cpp(117,66): warning C4244:             T=float
C:\Users\abroadbent\source\repos\god_of_chaos_path\god_of_chaos_path\Source.cpp(117,66): warning C4244:         ]
C:\Users\abroadbent\source\repos\god_of_chaos_path\god_of_chaos_path\Source.cpp(126,76): warning C4244: 'argument': conversion from 'int' to 'T', possible loss of data
C:\Users\abroadbent\source\repos\god_of_chaos_path\god_of_chaos_path\Source.cpp(126,76): warning C4244:         with
C:\Users\abroadbent\source\repos\god_of_chaos_path\god_of_chaos_path\Source.cpp(126,76): warning C4244:         [
C:\Users\abroadbent\source\repos\god_of_chaos_path\god_of_chaos_path\Source.cpp(126,76): warning C4244:             T=float
C:\Users\abroadbent\source\repos\god_of_chaos_path\god_of_chaos_path\Source.cpp(126,76): warning C4244:         ]
C:\Users\abroadbent\source\repos\god_of_chaos_path\god_of_chaos_path\Source.cpp(126,57): warning C4244: 'argument': conversion from 'int' to 'T', possible loss of data
C:\Users\abroadbent\source\repos\god_of_chaos_path\god_of_chaos_path\Source.cpp(126,57): warning C4244:         with
C:\Users\abroadbent\source\repos\god_of_chaos_path\god_of_chaos_path\Source.cpp(126,57): warning C4244:         [
C:\Users\abroadbent\source\repos\god_of_chaos_path\god_of_chaos_path\Source.cpp(126,57): warning C4244:             T=float
C:\Users\abroadbent\source\repos\god_of_chaos_path\god_of_chaos_path\Source.cpp(126,57): warning C4244:         ]
  Generating code
  2 of 209 functions ( 1.0%) were compiled, the rest were copied from previous compilation.
    0 functions were new in current compilation
    0 functions had inline decision re-evaluated but remain unchanged
  Finished generating code
  god_of_chaos_path.vcxproj -> C:\Users\abroadbent\source\repos\god_of_chaos_path\x64\Release\god_of_chaos_path.exe
  'pwsh.exe' is not recognized as an internal or external command,
  operable program or batch file.
